20221028	08:00:00	4808b707-27d5-4ef9-843c-6581b77cb373	GET	/users	http://localhost:3000
20221028	08:00:09	cb786db3-8cbf-400c-8574-59a05eb963cb	GET	/users	http://localhost:3000
20221028	13:15:23	277fa7ff-09c4-4fbc-a96e-5b430912af54	GET	/notes	http://localhost:3000
20221028	13:15:24	0418fae7-a311-4f79-96f1-0911aba23d1b	GET	/users	http://localhost:3000
20221028	13:15:25	23109c04-d8a4-40b5-8859-0dab157e05a9	GET	/notes	http://localhost:3000
20221028	13:15:25	4b54ced8-750d-40a2-840a-a287fbd38749	GET	/users	http://localhost:3000
20221029	07:54:42	171f45ab-7182-480f-98ae-6f5033fb38ab	GET	/notes	http://localhost:3000
20221029	07:54:42	ce166e52-f874-4db6-a43d-abe20a0d115e	GET	/users	http://localhost:3000
20221029	07:54:49	f453da58-490d-4b79-a7b0-e2d016bcb027	GET	/users	http://localhost:3000
20221029	07:55:20	ec609e73-1f01-4069-a2c6-db687e0d22e7	GET	/users	http://localhost:3000
20221029	07:56:20	80804442-42ba-47ac-bd0f-10644071e87d	GET	/users	http://localhost:3000
20221029	07:57:20	47e939be-710d-4015-b41c-7bead498c86f	GET	/users	http://localhost:3000
20221029	07:57:27	4e15f6de-b0bd-4660-917b-7478e0e863ba	GET	/users	http://localhost:3000
20221029	07:57:28	b7f13b6a-463b-4ed0-9b1c-1fb22bc374c1	GET	/notes	http://localhost:3000
20221029	07:57:44	6b2030a1-368c-4cec-9687-2df3ad466568	GET	/notes	http://localhost:3000
20221029	07:58:00	97b21900-1f46-4b23-888f-2a4add32f082	GET	/notes	http://localhost:3000
20221029	07:58:15	b43792db-1bb9-4e62-b11b-fdddc9e224ae	GET	/notes	http://localhost:3000
20221029	07:58:31	a4709f10-2ee1-43e4-9f14-853a33d83fae	GET	/notes	http://localhost:3000
20221029	07:58:46	3a6b4795-bcee-450a-bbab-8dd0d48019fc	GET	/notes	http://localhost:3000
20221029	07:59:01	9b6a7342-041f-42ca-bccc-664267f242fd	GET	/notes	http://localhost:3000
20221029	07:59:16	d45d4a23-997f-4c50-ad69-c70613739166	GET	/notes	http://localhost:3000
20221029	07:59:31	cf478d0c-6149-44fa-9734-dde084af3c72	GET	/notes	http://localhost:3000
20221029	07:59:47	d4222c1e-3522-4a8a-a6e1-41caf35123e6	GET	/notes	http://localhost:3000
20221029	08:00:02	92ed4b06-cdad-4f81-9c25-c10e6755887c	GET	/notes	http://localhost:3000
20221029	08:00:17	5eb661c4-0002-4e10-85a9-c524482a4e6a	GET	/notes	http://localhost:3000
20221029	08:00:32	25c3d873-88f8-4884-98c0-2540a648cdac	GET	/notes	http://localhost:3000
20221029	08:00:48	314b06a4-41fe-4bbc-bd6e-2abc3000d738	GET	/notes	http://localhost:3000
20221029	08:01:03	681979be-63d2-424a-9820-6baa3a187f37	GET	/notes	http://localhost:3000
20221029	08:01:18	f08ba7d6-05e2-4c36-ba2d-6222afafaec4	GET	/notes	http://localhost:3000
20221029	08:01:34	e2298ced-c61a-40df-8674-bd41c65f7c37	GET	/notes	http://localhost:3000
20221029	08:01:49	c6fc5a7d-8e2e-421e-84b7-62b1f81a8112	GET	/notes	http://localhost:3000
20221029	08:02:05	ae3f9262-3d7d-404f-b211-e74e5c258384	GET	/notes	http://localhost:3000
20221029	08:02:20	2ab1b0f5-bda5-4871-bf25-3a8715836f6b	GET	/notes	http://localhost:3000
20221029	08:02:35	1e000961-1a5c-4659-b5c0-648c0991c637	GET	/notes	http://localhost:3000
20221029	08:02:50	f4c61d2c-5591-4c50-b894-12a3dc2d5a85	GET	/notes	http://localhost:3000
20221029	08:03:06	25420463-1219-4c32-9b8a-4c97b8ab8cae	GET	/notes	http://localhost:3000
20221029	08:03:21	688cb70c-e39f-43ac-a381-9ec5654cca1f	GET	/notes	http://localhost:3000
20221029	08:03:36	2985c490-4023-41d6-b4f6-5e52b9e997a8	GET	/notes	http://localhost:3000
20221029	08:03:52	8e8f8978-9933-405e-937e-9d1ecb9210df	GET	/notes	http://localhost:3000
20221029	08:04:07	347012f2-0d85-4cb9-9768-d6f1a366d0c5	GET	/notes	http://localhost:3000
20221029	08:04:22	0f12aa87-0714-449d-8a0c-4eaa0e9b55a9	GET	/notes	http://localhost:3000
20221029	08:04:37	4abb743d-2994-4e45-84b2-279c3d320d9d	GET	/notes	http://localhost:3000
20221029	08:04:53	fc8264e3-068a-4733-97da-f9e6026bd8f4	GET	/notes	http://localhost:3000
20221029	08:05:08	08c22ec8-4bb5-449d-9241-53efa31b718b	GET	/notes	http://localhost:3000
20221029	08:05:23	965d1594-c0d1-48d1-aedb-0fae7d9d39cb	GET	/notes	http://localhost:3000
20221029	08:05:38	64b7a6fc-f15c-4fa1-8e61-2f7162ed6b43	GET	/notes	http://localhost:3000
20221029	08:05:54	aa89b7e3-03b8-45f5-b99e-5e661acab2c0	GET	/notes	http://localhost:3000
20221029	08:06:09	def6b9be-bde8-40c6-afd3-eb889676e137	GET	/notes	http://localhost:3000
20221029	08:06:24	e659e180-f646-4f42-8e5c-41d60992d1df	GET	/notes	http://localhost:3000
20221029	08:06:40	33f5b1ab-cd7b-44fe-af38-57ead6939445	GET	/notes	http://localhost:3000
20221029	08:06:55	560fa77e-87d3-4e03-a71e-e6a7890499ae	GET	/notes	http://localhost:3000
20221029	08:07:11	0fff2a9a-8825-4c2f-becc-a1f7642b5541	GET	/notes	http://localhost:3000
20221029	08:07:27	fb9794db-306f-4631-9f5c-e73d73eb33b5	GET	/notes	http://localhost:3000
20221029	08:07:42	b91f7507-47a8-4d9a-b9b6-73c821a97775	GET	/notes	http://localhost:3000
20221029	08:07:57	a80d800d-7def-45fc-8f0e-2c1369d99308	GET	/notes	http://localhost:3000
20221029	08:08:12	32748d59-4303-4d1c-8d7b-3e8a63602e48	GET	/notes	http://localhost:3000
20221029	08:08:27	26ba7f2e-e498-4744-83be-fed64bf5db53	GET	/notes	http://localhost:3000
20221029	08:08:42	0f1b09a0-7681-4986-8964-45443b23eecc	GET	/notes	http://localhost:3000
20221029	08:08:58	32189371-96f1-4d5a-af71-2a04615d0293	GET	/notes	http://localhost:3000
20221029	08:09:13	848b0c78-8371-49f5-af9a-4c5df250c5de	GET	/notes	http://localhost:3000
20221029	08:09:28	21472f46-2ee8-46ba-97a0-bb5182de8cec	GET	/notes	http://localhost:3000
20221029	08:09:44	05d46c08-bc2b-4f0b-89e4-cb8b119bea24	GET	/notes	http://localhost:3000
20221029	08:09:59	9d5472c4-5ffe-4fd6-9cb8-4628ac78b737	GET	/notes	http://localhost:3000
20221029	08:10:15	1c2b8554-b231-48ad-81e6-00a26c219554	GET	/notes	http://localhost:3000
20221029	08:10:31	036283ac-8706-4408-a8b7-425b90abc350	GET	/notes	http://localhost:3000
20221029	08:10:46	0ef87bba-1db8-4c8d-addb-d9ac2733fc6c	GET	/notes	http://localhost:3000
20221029	08:11:02	0cff8eab-168a-42d8-b63e-e21bd57d69bf	GET	/notes	http://localhost:3000
20221029	08:11:17	34d2e4f4-6020-46ce-9d4f-838dc824fad6	GET	/notes	http://localhost:3000
20221029	08:11:32	bd329974-705f-41fc-a702-4694258a22ea	GET	/notes	http://localhost:3000
20221029	08:11:47	188d8308-4b91-4b99-b122-397644c65cfa	GET	/notes	http://localhost:3000
20221029	08:12:03	c86e1a34-ef63-42b8-8860-53629bce7aeb	GET	/notes	http://localhost:3000
20221029	08:12:18	927c339f-68cc-4190-a46d-a0cd7d4bf7a3	GET	/notes	http://localhost:3000
20221029	08:12:33	ac2628a8-f0c7-4317-a1db-a74731b71262	GET	/notes	http://localhost:3000
20221029	08:12:48	4e5e7efe-4308-4750-9217-cf051dc3a5f1	GET	/notes	http://localhost:3000
20221029	08:13:04	ed0dd87f-2939-434f-82bb-619fc687d7f1	GET	/notes	http://localhost:3000
20221029	08:13:19	08e75b67-981d-465e-88db-5cd017e20591	GET	/notes	http://localhost:3000
20221029	08:13:34	5fd33f2f-46ac-4dc3-9441-b1109ba647aa	GET	/notes	http://localhost:3000
20221029	08:13:49	946ee7f5-4425-4b8b-a9c9-04ae0ac5dc2f	GET	/notes	http://localhost:3000
20221029	08:14:04	f382d8a1-5d17-462b-8788-563513cd79af	GET	/notes	http://localhost:3000
20221029	08:14:19	2375c853-b221-4fe7-86a4-23dfd4e91baa	GET	/notes	http://localhost:3000
20221029	08:14:34	8eeec92b-fa08-44fe-8e24-f971c7b09890	GET	/notes	http://localhost:3000
20221029	08:14:50	025f641a-06fc-41ac-be21-d6c294be025e	GET	/notes	http://localhost:3000
20221029	08:15:05	de141aee-a8c5-47c1-bcc4-13b1ed32ecc2	GET	/notes	http://localhost:3000
20221029	08:15:20	b960f3ff-1686-4e9b-a1ef-5ebf8cd9863f	GET	/notes	http://localhost:3000
20221029	08:15:36	588ca171-c27d-4b6c-92d5-87a92a2ff6b7	GET	/notes	http://localhost:3000
20221029	08:15:51	98a698fc-c3cb-4e43-b7bf-79111d4476af	GET	/notes	http://localhost:3000
20221029	08:16:07	424f7df1-d88e-418b-97d6-1b756c9f675a	GET	/notes	http://localhost:3000
20221029	08:16:22	09f472f6-9e2b-47f9-a54b-b7e9969b59d6	GET	/notes	http://localhost:3000
20221029	08:16:37	1e20bbde-0a46-4032-a146-0207c6ae17d2	GET	/notes	http://localhost:3000
20221029	08:16:53	f6f4b80e-df73-45f0-85c7-05a9a6890c1d	GET	/notes	http://localhost:3000
20221029	08:17:08	69ee0845-a243-470c-852a-3f02d9c455e3	GET	/notes	http://localhost:3000
20221029	08:17:23	ff0dcdad-6eb2-4339-b3b1-bced9c8af02f	GET	/notes	http://localhost:3000
20221029	08:17:38	2aa50705-604b-43f1-8832-cef028566bb5	GET	/notes	http://localhost:3000
20221029	08:17:53	b30bd62f-20b6-434a-bf71-c06f0692814b	GET	/notes	http://localhost:3000
20221029	08:18:09	08b2ed27-52c6-45c6-886e-81e72e0ec072	GET	/notes	http://localhost:3000
20221029	08:18:24	710db0b4-cedd-4179-91d7-ec0433ca4ccb	GET	/notes	http://localhost:3000
20221029	08:18:39	b734de35-6b1d-41e9-b318-f93efa070ade	GET	/notes	http://localhost:3000
20221029	08:18:54	969591b3-90c6-4db0-83d6-f6ed0ff36ee3	GET	/notes	http://localhost:3000
20221029	08:19:09	3b38bd84-8abe-4a75-a61f-54e3f332651c	GET	/notes	http://localhost:3000
20221029	08:19:25	9e6f3571-ec9d-4677-96c3-c4d641f35b96	GET	/notes	http://localhost:3000
20221029	08:19:41	9ce32d68-7b6c-45b8-9e99-20dec8896dfd	GET	/notes	http://localhost:3000
20221029	08:19:56	be7391fd-7e23-42b7-b2c7-385fc3d66c1c	GET	/notes	http://localhost:3000
20221029	08:20:12	5b8a8885-730c-465b-90dd-58a47d529891	GET	/notes	http://localhost:3000
20221029	08:20:27	010ff49d-8fb1-4475-9e1d-7da49b0441c0	GET	/notes	http://localhost:3000
20221029	08:20:42	7f2c5816-a1ab-46ad-a102-92b3c56858f5	GET	/notes	http://localhost:3000
20221029	08:20:58	e6a00eca-273b-4dfc-afbc-aca4cf9e4ce1	GET	/notes	http://localhost:3000
20221029	08:21:13	81608218-5e7c-4806-b0dd-a744dedcfdac	GET	/notes	http://localhost:3000
20221029	08:21:28	ed87d899-7526-47b7-b8ca-78ec800b3a9d	GET	/notes	http://localhost:3000
20221029	08:21:43	710ef1ae-3c1b-4808-8f96-677a253fff4f	GET	/notes	http://localhost:3000
20221029	08:21:58	af6d8892-3147-482c-9e03-ed249eb1de17	GET	/notes	http://localhost:3000
20221029	08:22:14	6db397e0-cc98-4735-820a-3639f5c89c52	GET	/notes	http://localhost:3000
20221029	08:22:29	0708eb94-43d2-452e-b63f-dbcd4f54777c	GET	/notes	http://localhost:3000
20221029	08:22:44	7dbd4fa7-7350-4fa3-9bc9-0bb43241726c	GET	/notes	http://localhost:3000
20221029	08:23:00	328d4321-ed01-4d91-8274-8c96d74113cc	GET	/notes	http://localhost:3000
20221029	08:23:15	3e3fec09-b685-4866-9e76-c0eb89105223	GET	/notes	http://localhost:3000
20221029	08:23:30	7300698c-58c1-460b-a298-d443fe2b09c4	GET	/notes	http://localhost:3000
20221029	08:23:45	73eab102-00d1-47eb-aa0c-402299d600a9	GET	/notes	http://localhost:3000
20221029	08:24:00	403b9eb6-eeac-417b-b9d9-faf35ea36f85	GET	/notes	http://localhost:3000
20221029	08:24:15	d4d22d54-557b-45a5-a9b5-0371725d04dc	GET	/notes	http://localhost:3000
20221029	08:24:31	1503ea10-043e-4bd8-96e5-beab749c05a8	GET	/notes	http://localhost:3000
20221029	08:24:46	34792f40-e6c4-4417-9044-b99f6bd71981	GET	/notes	http://localhost:3000
20221029	08:25:01	07fb040d-9289-4db2-a7ba-158a00d59390	GET	/notes	http://localhost:3000
20221029	08:25:16	8df1a3ce-7bec-479d-b5f2-03e8316af88b	GET	/notes	http://localhost:3000
20221029	08:25:31	d8a849fb-2712-453d-8265-fbd53e5b69fd	GET	/notes	http://localhost:3000
20221029	08:25:47	4cc858cc-f1d0-41a4-b450-0a1db6a063e9	GET	/notes	http://localhost:3000
20221029	08:26:02	7b4eb896-647a-4135-b37f-8d156e197203	GET	/notes	http://localhost:3000
20221029	08:26:18	de100077-4a02-4835-844f-0faf9b91debd	GET	/notes	http://localhost:3000
20221029	08:26:33	3d13671a-d1cb-4eaf-9d41-12475a79f8e1	GET	/notes	http://localhost:3000
20221029	08:26:48	a58da635-7bd1-4983-bfeb-42c3668e9cd2	GET	/notes	http://localhost:3000
20221029	08:27:04	16a82cdc-40b0-4409-83a6-bb2dc7a3b5d8	GET	/notes	http://localhost:3000
20221029	08:27:19	82c494a6-6e61-4ca8-a656-997d1ecb41ab	GET	/notes	http://localhost:3000
20221029	08:27:34	1b2ddc13-2f56-45be-931b-4ce9a9b5da84	GET	/notes	http://localhost:3000
20221029	08:27:49	3d3d711a-4f2e-43dc-a74a-809c9d99d066	GET	/notes	http://localhost:3000
20221029	08:28:05	4ff4799e-ec67-4c6f-ad21-f83e927d3b42	GET	/notes	http://localhost:3000
20221029	08:28:20	b5628f54-740e-4252-bea1-1f42b1ee7732	GET	/notes	http://localhost:3000
20221029	08:28:35	08e2f850-05fe-4d58-be13-0826ec5d31e3	GET	/notes	http://localhost:3000
20221029	08:28:50	6456e2af-9617-4863-b4d1-3909fc19d9c7	GET	/notes	http://localhost:3000
20221029	08:29:06	02db9599-fbf7-4eb6-afee-b047030003a1	GET	/notes	http://localhost:3000
20221029	08:29:21	2251e9b2-a6ef-4fc6-af1f-7a5d66def97c	GET	/notes	http://localhost:3000
20221029	08:29:36	d5fd328b-3cce-4f4c-a714-771adb803211	GET	/notes	http://localhost:3000
20221029	08:29:51	67eb7e3c-a307-4851-979c-2e25dba51cae	GET	/notes	http://localhost:3000
20221029	08:30:06	87e03ff0-bf0b-4340-96e3-9189e2184dea	GET	/notes	http://localhost:3000
20221029	08:30:21	7b95f488-0d9a-4084-b77d-e23790f92246	GET	/notes	http://localhost:3000
20221029	08:30:37	e33d3d94-b300-41ae-a201-0c956340769f	GET	/notes	http://localhost:3000
20221029	08:30:52	92bd7190-61b7-4c0b-bc4f-2b2a0cc489ad	GET	/notes	http://localhost:3000
20221029	08:31:08	350a52fc-4e84-4e00-9651-42313b7f2bd8	GET	/notes	http://localhost:3000
20221029	08:31:23	b27631ca-e177-4c0c-992a-2412cc70f754	GET	/notes	http://localhost:3000
20221029	08:31:38	dadc1196-5d9a-4c1f-90ba-3120eaba249d	GET	/notes	http://localhost:3000
20221029	08:31:53	08580e6e-74c2-4bdb-9e26-19e57ba57a69	GET	/notes	http://localhost:3000
20221029	08:32:08	0ff28842-572c-4d05-9dea-dfbd1f233302	GET	/notes	http://localhost:3000
20221029	08:32:23	3e4600f7-e0cd-4bbd-beb5-8e977b782d5e	GET	/notes	http://localhost:3000
20221029	08:32:39	3d61f3a9-4422-4bad-b776-f303b6f0e391	GET	/notes	http://localhost:3000
20221029	08:32:54	d1d52151-6bfc-4e07-9dd6-c778998ab2ee	GET	/notes	http://localhost:3000
20221029	08:33:10	97fe38ec-d1f9-4c87-820d-39aa958e17cd	GET	/notes	http://localhost:3000
20221029	08:33:25	d2b2435c-7770-46f6-a011-596046d693c7	GET	/notes	http://localhost:3000
20221029	08:33:28	d2274ac5-24b0-4567-b835-46b0b46d4c74	GET	/notes	http://localhost:3000
20221029	08:33:30	67faeb10-04b3-4a49-baef-07817583a997	GET	/notes	http://localhost:3000
20221029	08:33:45	606d0593-360a-4eeb-adbe-7b22248ae4e3	GET	/notes	http://localhost:3000
20221029	08:34:00	6e69e1f6-c898-470a-b0c9-2832ee39b35b	GET	/notes	http://localhost:3000
